2019-03-07 15:05:21,510 - INFO - 卡号[123456]登录成功！
2019-03-07 15:05:42,850 - INFO - 用户[123456]提现[2000.0]元 手续费[100.0]
2019-03-07 15:05:59,150 - INFO - 用户[123456]向账号[215233]转账[8000.0]元
2019-03-07 15:06:12,211 - INFO - 用户[123456]还款[5000.0]元
2019-03-08 15:49:54,102 - INFO - 卡号[123456]登录成功！
2019-03-08 15:53:07,508 - INFO - 卡号[123456]登录成功！
2019-03-08 15:53:07,512 - INFO - 通过第三方支付[4008]元
2019-03-08 16:20:27,224 - INFO - 卡号[123456]登录成功！
2019-03-08 16:20:27,230 - INFO - 通过第三方支付[4008]元
2019-03-08 16:21:52,385 - INFO - 卡号[123456]登录成功！
2019-03-08 16:21:52,388 - INFO - 通过第三方支付[4008]元
2019-03-08 16:22:59,305 - INFO - 卡号[123456]登录成功！
2019-03-08 16:23:16,229 - INFO - 卡号[123456]登录成功！
2019-03-08 16:25:13,199 - INFO - 卡号[123456]登录成功！
2019-03-08 16:25:20,843 - INFO - 卡号[123456]登录成功！
2019-03-08 16:25:26,171 - INFO - 卡号[123456]登录成功！
2019-03-08 16:25:26,175 - INFO - 通过第三方支付[10]元
2019-03-08 16:26:31,382 - INFO - 卡号[123456]登录成功！
2019-03-08 16:26:31,386 - INFO - 通过第三方支付[10]元
2019-03-08 16:27:13,709 - INFO - 卡号[123456]登录成功！
2019-03-08 16:27:13,713 - INFO - 通过第三方支付[10]元
2019-03-08 16:28:24,982 - INFO - 卡号[123456]登录成功！
2019-03-08 16:28:24,990 - INFO - 通过第三方支付[10]元
2019-03-08 16:30:46,502 - INFO - 卡号[123456]登录成功！
2019-03-08 16:30:54,091 - INFO - 卡号[123456]登录成功！
2019-03-08 16:31:00,473 - INFO - 卡号[123456]登录成功！
2019-03-08 16:31:00,481 - INFO - 通过第三方支付[20]元
2019-03-08 16:32:25,171 - INFO - 卡号[123456]登录成功！
2019-03-08 16:32:25,180 - INFO - 通过第三方支付[0]元
2019-03-08 16:44:23,335 - INFO - 卡号[123456]登录成功！
2019-03-08 16:45:28,559 - INFO - 卡号[123456]登录成功！
2019-03-08 16:46:50,926 - INFO - 卡号[123456]登录成功！
2019-03-08 16:47:42,925 - INFO - 卡号[123456]登录成功！
2019-03-08 16:47:53,265 - INFO - 卡号[123456]登录成功！
2019-03-08 16:48:05,434 - INFO - 卡号[123456]登录成功！
2019-03-08 16:48:05,437 - INFO - 通过第三方支付[10]元
